-------------------------------------------------------------------------------
110
Running /projects/dsnlab/shared/tag/TAG_scripts/fMRI/fx/models/dsd/wave1/test001.m
-------------------------------------------------------------------------------

                            < M A T L A B (R) >
                  Copyright 1984-2017 The MathWorks, Inc.
                   R2017b (9.3.0.713579) 64-bit (glnxa64)
                             September 14, 2017

 
To get started, type one of these: helpwin, helpdesk, or demo.
For product information, visit www.mathworks.com.
 


------------------------------------------------------------------------
Running job #1
------------------------------------------------------------------------
Running 'Make Directory'
Done    'Make Directory'
Running 'File Selector (Batch Mode)'
Done    'File Selector (Batch Mode)'
Running 'File Selector (Batch Mode)'
Done    'File Selector (Batch Mode)'
Running 'Gunzip Files'
Done    'Gunzip Files'
Running 'Gunzip Files'
Failed  'Gunzip Files'
Error using getArchiveEntries (line 30)
Nothing to gunzip.
In file "/gpfs/packages/MATLAB/R2017b/toolbox/matlab/iofun/private/getArchiveEntries.m" (???), function "getArchiveEntries" at line 30.
In file "/gpfs/packages/MATLAB/R2017b/toolbox/matlab/iofun/gunzip.m" (???), function "gunzip" at line 66.
In file "/gpfs/projects/dsnlab/shared/SPM12/matlabbatch/cfg_basicio/cfg_run_gunzip_files.m" (v6840), function "cfg_run_gunzip_files" at line 20.

Running 'Expand image frames'
Done    'Expand image frames'
No executable modules, but still unresolved dependencies or incomplete module inputs.
The following modules did not run:
Failed: Gunzip Files
Skipped: Expand image frames
Skipped: Smooth
Skipped: Smooth
Skipped: fMRI model specification
Skipped: Model estimation

{Error using MATLABbatch system
Job execution failed. The full log of this run can be found in MATLAB command
window, starting with the lines (look for the line showing the exact #job as
displayed in this error message)
------------------
Running job #1
------------------
} 
